<?xml version="1.0" encoding="UTF-8"?>
<beans xmlns="http://www.springframework.org/schema/beans"
			 xmlns:xsi="http://www.w3.org/2001/XMLSchema-instance"
			 xmlns:context="http://www.springframework.org/schema/context"
			 xsi:schemaLocation="
		http://www.springframework.org/schema/beans https://www.springframework.org/schema/beans/spring-beans.xsd
		http://www.springframework.org/schema/context https://www.springframework.org/schema/context/spring-context.xsd">

	<!--	@Configuration 제외 스캔 출처: https://zorba91.tistory.com/249 [Carry On Progamming:티스토리]-->
	<context:component-scan base-package="com.nki.t1.test">
	</context:component-scan>
	<context:annotation-config/>
</beans>